<?xml version="1.0" encoding="UTF-8"?>
<testsuite name="com.medallia.resttemplate.HelloWorldTest" tests="1" skipped="0" failures="0" errors="0" timestamp="2016-05-31T22:24:53" hostname="ktang-mbp" time="0.001">
  <properties/>
  <testcase name="test" classname="com.medallia.resttemplate.HelloWorldTest" time="0.001"/>
  <system-out><![CDATA[]]></system-out>
  <system-err><![CDATA[]]></system-err>
</testsuite>
